Arguments: 
  /usr/bin/node /usr/share/yarn/bin/yarn.js add v

PATH: 
  /home/will/.local/bin:/home/will/bin:/home/will/.local/bin:/home/will/bin:/usr/local/sbin:/usr/local/bin:/usr/sbin:/usr/bin:/sbin:/bin:/usr/games:/usr/local/games:/snap/bin:/home/will/.local/bin/:/home/will/.local/bin/

Yarn version: 
  1.21.1

Node version: 
  13.2.0

Platform: 
  linux x64

Trace: 
  TypeError [ERR_UNESCAPED_CHARACTERS]: Request path contains unescaped characters
      at new ClientRequest (_http_client.js:139:13)
      at Object.request (https.js:305:10)
      at Request.module.exports.Request.start (/usr/share/yarn/lib/cli.js:141227:32)
      at Request.module.exports.Request.end (/usr/share/yarn/lib/cli.js:141986:10)
      at end (/usr/share/yarn/lib/cli.js:141040:14)
      at Immediate._onImmediate (/usr/share/yarn/lib/cli.js:141054:7)
      at processImmediate (internal/timers.js:439:21)

npm manifest: 
  {
    "dependencies": {
      "dotenv": "^8.2.0",
      "node-fetch": "^2.6.0"
    }
  }

yarn manifest: 
  No manifest

Lockfile: 
  # THIS IS AN AUTOGENERATED FILE. DO NOT EDIT THIS FILE DIRECTLY.
  # yarn lockfile v1
  
  
  dotenv@^8.2.0:
    version "8.2.0"
    resolved "https://registry.yarnpkg.com/dotenv/-/dotenv-8.2.0.tgz#97e619259ada750eea3e4ea3e26bceea5424b16a"
    integrity sha512-8sJ78ElpbDJBHNeBzUbUVLsqKdccaa/BXF1uPTw3GrvQTBgrQrtObr2mUrE38vzYd8cEv+m/JBfDLioYcfXoaw==
  
  node-fetch@^2.6.0:
    version "2.6.0"
    resolved "https://registry.yarnpkg.com/node-fetch/-/node-fetch-2.6.0.tgz#e633456386d4aa55863f676a7ab0daa8fdecb0fd"
    integrity sha512-8dG4H5ujfvFiqDmVu9fQ5bOHUC15JMjMY/Zumv26oOvvVJjM67KF8koCWIabKQ1GJIa9r2mMZscBq/TbdOcmNA==
